#
# There is insufficient memory for the Java Runtime Environment to continue.
# Native memory allocation (mmap) failed to map 394264576 bytes for Failed to commit area from 0x0000000689400000 to 0x00000006a0c00000 of length 394264576.
# Possible reasons:
#   The system is out of physical RAM or swap space
#   The process is running with CompressedOops enabled, and the Java Heap may be blocking the growth of the native heap
# Possible solutions:
#   Reduce memory load on the system
#   Increase physical memory or swap space
#   Check if swap backing store is full
#   Decrease Java heap size (-Xmx/-Xms)
#   Decrease number of Java threads
#   Decrease Java thread stack sizes (-Xss)
#   Set larger code cache with -XX:ReservedCodeCacheSize=
# This output file may be truncated or incomplete.
#
#  Out of Memory Error (./open/src/hotspot/os/windows/os_windows.cpp:3283), pid=17172, tid=12952
#
# JRE version:  (11.0.17+10) (build )
# Java VM: Java HotSpot(TM) 64-Bit Server VM (11.0.17+10-LTS-269, mixed mode, sharing, tiered, compressed oops, g1 gc, windows-amd64)
# No core dump will be written. Minidumps are not enabled by default on client versions of Windows
#

---------------  S U M M A R Y ------------

Command Line: org.jetbrains.kotlin.cli.jvm.K2JVMCompiler @D:\portfolio_projects\ActiveLife\node_modules\react-native-screens\android\build\20230527_9946955877659798283.compiler.options

Host: AMD Ryzen 5 4600H with Radeon Graphics         , 12 cores, 23G,  Windows 11 , 64 bit Build 22621 (10.0.22621.1635)
Time: Sat May 27 21:58:50 2023 GMT Summer Time elapsed time: 0.017963 seconds (0d 0h 0m 0s)

---------------  T H R E A D  ---------------

Current thread (0x000001712136a000):  JavaThread "Unknown thread" [_thread_in_vm, id=12952, stack(0x0000000984400000,0x0000000984500000)]

Stack: [0x0000000984400000,0x0000000984500000]
Native frames: (J=compiled Java code, j=interpreted, Vv=VM code, C=native code)
V  [jvm.dll+0x62b5da]
V  [jvm.dll+0x7653df]
V  [jvm.dll+0x766a89]
V  [jvm.dll+0x767113]
V  [jvm.dll+0x23dd28]
V  [jvm.dll+0x62896a]
V  [jvm.dll+0x61d625]
V  [jvm.dll+0x2f2d3c]
V  [jvm.dll+0x2f2bc2]
V  [jvm.dll+0x2f78e6]
V  [jvm.dll+0x33a2df]
V  [jvm.dll+0x339d10]
V  [jvm.dll+0x2d0368]
V  [jvm.dll+0x2d14d6]
V  [jvm.dll+0x73f9a7]
V  [jvm.dll+0x74123f]
V  [jvm.dll+0x347039]
V  [jvm.dll+0x725280]
V  [jvm.dll+0x3b5c1f]
V  [jvm.dll+0x3b7d31]
C  [jli.dll+0x5207]
C  [ucrtbase.dll+0x29363]
C  [KERNEL32.DLL+0x126ad]
C  [ntdll.dll+0x5a9f8]


---------------  P R O C E S S  ---------------

Threads class SMR info:
_java_thread_list=0x000001712129b750, length=0, elements={
}

Java Threads: ( => current thread )

Other Threads:
  0x0000017123442000 GCTaskThread "GC Thread#0" [stack: 0x0000000984500000,0x0000000984600000] [id=10828]
  0x00000171234c7000 ConcurrentGCThread "G1 Main Marker" [stack: 0x0000000984600000,0x0000000984700000] [id=22944]
  0x00000171234c9000 ConcurrentGCThread "G1 Conc#0" [stack: 0x0000000984700000,0x0000000984800000] [id=17132]

[error occurred during error reporting (printing all threads), id 0xc0000005, EXCEPTION_ACCESS_VIOLATION (0xc0000005) at pc=0x00007ff80653f5f7]

VM state:not at safepoint (not fully initialized)

VM Mutex/Monitor currently owned by a thread:  ([mutex/lock_event])
[0x000001712342db30] Heap_lock - owner thread: 0x000001712136a000

Heap address: 0x0000000689400000, size: 5996 MB, Compressed Oops mode: Non-zero based: 0x0000000689400000
Narrow klass base: 0x0000000000000000, Narrow klass shift: 0

GC Heap History (0 events):
No events

Deoptimization events (0 events):
No events

Classes redefined (0 events):
No events

Internal exceptions (0 events):
No events

Events (0 events):
No events


Dynamic libraries:
0x00007ff72f8c0000 - 0x00007ff72f8cf000 	C:\Program Files\Java\jdk-11.0.17\bin\java.exe
0x00007ff8c4fd0000 - 0x00007ff8c51e4000 	C:\WINDOWS\SYSTEM32\ntdll.dll
0x00007ff8c3c60000 - 0x00007ff8c3d22000 	C:\WINDOWS\System32\KERNEL32.DLL
0x00007ff8c2600000 - 0x00007ff8c29a3000 	C:\WINDOWS\System32\KERNELBASE.dll
0x00007ff8c2ad0000 - 0x00007ff8c2be1000 	C:\WINDOWS\System32\ucrtbase.dll
0x00007ff8bf140000 - 0x00007ff8bf155000 	C:\Program Files\Java\jdk-11.0.17\bin\VCRUNTIME140.dll
0x00007ff8bf2d0000 - 0x00007ff8bf2e8000 	C:\Program Files\Java\jdk-11.0.17\bin\jli.dll
0x00007ff8c3560000 - 0x00007ff8c360e000 	C:\WINDOWS\System32\ADVAPI32.dll
0x00007ff8c3dc0000 - 0x00007ff8c3e67000 	C:\WINDOWS\System32\msvcrt.dll
0x00007ff8c3fe0000 - 0x00007ff8c4084000 	C:\WINDOWS\System32\sechost.dll
0x00007ff8c4af0000 - 0x00007ff8c4c07000 	C:\WINDOWS\System32\RPCRT4.dll
0x00007ff8c32d0000 - 0x00007ff8c347b000 	C:\WINDOWS\System32\USER32.dll
0x00007ff8c23f0000 - 0x00007ff8c2416000 	C:\WINDOWS\System32\win32u.dll
0x00007ff8b3a40000 - 0x00007ff8b3cce000 	C:\WINDOWS\WinSxS\amd64_microsoft.windows.common-controls_6595b64144ccf1df_6.0.22621.1635_none_270f70857386168e\COMCTL32.dll
0x00007ff8c4090000 - 0x00007ff8c40b9000 	C:\WINDOWS\System32\GDI32.dll
0x00007ff8c2420000 - 0x00007ff8c2538000 	C:\WINDOWS\System32\gdi32full.dll
0x00007ff8c29b0000 - 0x00007ff8c2a4a000 	C:\WINDOWS\System32\msvcp_win.dll
0x00007ff8b8b10000 - 0x00007ff8b8b1a000 	C:\WINDOWS\SYSTEM32\VERSION.dll
0x00007ff8c3c10000 - 0x00007ff8c3c41000 	C:\WINDOWS\System32\IMM32.DLL
0x00007ff8760c0000 - 0x00007ff87615b000 	C:\Program Files\Java\jdk-11.0.17\bin\msvcp140.dll
0x00007ff806260000 - 0x00007ff806d7a000 	C:\Program Files\Java\jdk-11.0.17\bin\server\jvm.dll
0x00007ff8c3550000 - 0x00007ff8c3558000 	C:\WINDOWS\System32\PSAPI.DLL
0x00007ff8a08d0000 - 0x00007ff8a08d9000 	C:\WINDOWS\SYSTEM32\WSOCK32.dll
0x00007ff8ba360000 - 0x00007ff8ba394000 	C:\WINDOWS\SYSTEM32\WINMM.dll
0x00007ff8c3b90000 - 0x00007ff8c3c01000 	C:\WINDOWS\System32\WS2_32.dll
0x00007ff8c14b0000 - 0x00007ff8c14c8000 	C:\WINDOWS\SYSTEM32\kernel.appcore.dll
0x00007ff8bf130000 - 0x00007ff8bf140000 	C:\Program Files\Java\jdk-11.0.17\bin\verify.dll
0x00007ff8b7c00000 - 0x00007ff8b7e2e000 	C:\WINDOWS\SYSTEM32\DBGHELP.DLL
0x00007ff8c2f20000 - 0x00007ff8c32a9000 	C:\WINDOWS\System32\combase.dll
0x00007ff8c4eb0000 - 0x00007ff8c4f87000 	C:\WINDOWS\System32\OLEAUT32.dll
0x00007ff8b3800000 - 0x00007ff8b3832000 	C:\WINDOWS\SYSTEM32\dbgcore.DLL
0x00007ff8c2a50000 - 0x00007ff8c2acb000 	C:\WINDOWS\System32\bcryptPrimitives.dll
0x00007ff8bc5c0000 - 0x00007ff8bc5e8000 	C:\Program Files\Java\jdk-11.0.17\bin\java.dll
0x00007ff8bf120000 - 0x00007ff8bf12a000 	C:\Program Files\Java\jdk-11.0.17\bin\jimage.dll
0x00007ff8bece0000 - 0x00007ff8becf6000 	C:\Program Files\Java\jdk-11.0.17\bin\zip.dll

dbghelp: loaded successfully - version: 4.0.5 - missing functions: none
symbol engine: initialized successfully - sym options: 0x614 - pdb path: .;C:\Program Files\Java\jdk-11.0.17\bin;C:\WINDOWS\SYSTEM32;C:\WINDOWS\WinSxS\amd64_microsoft.windows.common-controls_6595b64144ccf1df_6.0.22621.1635_none_270f70857386168e;C:\Program Files\Java\jdk-11.0.17\bin\server

VM Arguments:
java_command: org.jetbrains.kotlin.cli.jvm.K2JVMCompiler @D:\portfolio_projects\ActiveLife\node_modules\react-native-screens\android\build\20230527_9946955877659798283.compiler.options
java_class_path (initial): C:\Users\adnan\.gradle\caches\modules-2\files-2.1\org.jetbrains.kotlin\kotlin-compiler-embeddable\1.6.21\97bdd5a752ce73b58ef16c17bc7f0ea2faff7a2e\kotlin-compiler-embeddable-1.6.21.jar;C:\Users\adnan\.gradle\caches\modules-2\files-2.1\org.jetbrains.kotlin\kotlin-reflect\1.6.21\5dc3574d9b7bebfcb4ec6b10ada4aaa9e140bd0b\kotlin-reflect-1.6.21.jar;C:\Users\adnan\.gradle\caches\modules-2\files-2.1\org.jetbrains.kotlin\kotlin-stdlib\1.6.21\11ef67f1900634fd951bad28c53ec957fabbe5b8\kotlin-stdlib-1.6.21.jar;C:\Users\adnan\.gradle\caches\modules-2\files-2.1\org.jetbrains.kotlin\kotlin-script-runtime\1.6.21\99c6675100da5d6d5b1c5a1032f27f28008d101b\kotlin-script-runtime-1.6.21.jar;C:\Users\adnan\.gradle\caches\modules-2\files-2.1\org.jetbrains.kotlin\kotlin-daemon-embeddable\1.6.21\46b78cf392e1c4f10854c3cadba44abb7b82250f\kotlin-daemon-embeddable-1.6.21.jar;C:\Users\adnan\.gradle\caches\modules-2\files-2.1\org.jetbrains.intellij.deps\trove4j\1.0.20200330\3afb14d5f9ceb459d724e907a21145e8ff394f02\trove4j-1.0.20200330.jar;C:\Users\adnan\.gradle\caches\modules-2\files-2.1\net.java.dev.jna\jna\5.6.0\330f2244e9030119ab3030fc3fededc86713d9cc\jna-5.6.0.jar;C:\Users\adnan\.gradle\caches\modules-2\files-2.1\org.jetbrains.kotlin\kotlin-stdlib-common\1.6.21\5e5b55c26dbc80372a920aef60eb774b714559b8\kotlin-stdlib-common-1.6.21.jar;C:\Users\adnan\.gradle\caches\modules-2\files-2.1\org.jetbrains\annotations\13.0\919f0dfe192fb4e063e7dacadee7f8bb9a2672a9\annotations-13.0.jar
Launcher Type: SUN_STANDARD

[Global flags]
     intx CICompilerCount                          = 4                                         {product} {ergonomic}
     uint ConcGCThreads                            = 3                                         {product} {ergonomic}
     uint G1ConcRefinementThreads                  = 10                                        {product} {ergonomic}
   size_t G1HeapRegionSize                         = 1048576                                   {product} {ergonomic}
    uintx GCDrainStackTargetSize                   = 64                                        {product} {ergonomic}
   size_t InitialHeapSize                          = 394264576                                 {product} {ergonomic}
   size_t MarkStackSize                            = 4194304                                   {product} {ergonomic}
   size_t MaxHeapSize                              = 6287261696                                {product} {ergonomic}
   size_t MinHeapDeltaBytes                        = 1048576                                   {product} {ergonomic}
    uintx NonNMethodCodeHeapSize                   = 5836300                                {pd product} {ergonomic}
    uintx NonProfiledCodeHeapSize                  = 122910970                              {pd product} {ergonomic}
    uintx ProfiledCodeHeapSize                     = 122910970                              {pd product} {ergonomic}
    uintx ReservedCodeCacheSize                    = 251658240                              {pd product} {ergonomic}
     bool SegmentedCodeCache                       = true                                      {product} {ergonomic}
     bool UseCompressedClassPointers               = true                                 {lp64_product} {ergonomic}
     bool UseCompressedOops                        = true                                 {lp64_product} {ergonomic}
     bool UseG1GC                                  = true                                      {product} {ergonomic}
     bool UseLargePagesIndividualAllocation        = false                                  {pd product} {ergonomic}

Logging:
Log output configuration:
 #0: stdout all=warning uptime,level,tags
 #1: stderr all=off uptime,level,tags

Environment Variables:
JAVA_HOME=C:\Program Files\Java\jdk-11.0.17
CLASSPATH=D:\portfolio_projects\ActiveLife\android\\gradle\wrapper\gradle-wrapper.jar
PATH=D:\portfolio_projects\ActiveLife\android\node_modules\.bin;D:\portfolio_projects\ActiveLife\node_modules\.bin;D:\portfolio_projects\node_modules\.bin;D:\node_modules\.bin;C:\Program Files\nodejs;D:\portfolio_projects\ActiveLife\node_modules\.bin;D:\portfolio_projects\ActiveLife\node_modules\.bin;D:\portfolio_projects\node_modules\.bin;D:\node_modules\.bin;C:\Users\adnan\AppData\Roaming\nvm\v18.13.0\node_modules\npm\node_modules\@npmcli\run-script\lib\node-gyp-bin;C:\Program Files\Common Files\Oracle\Java\javapath;C:\Program Files\Microsoft\jdk-11.0.18.10-hotspot\bin;C:\Python311\Scripts\;C:\Python311\;C:\Windows\system32;C:\Windows;C:\Windows\System32\Wbem;C:\Windows\System32\WindowsPowerShell\v1.0\;C:\Windows\System32\OpenSSH\;C:\Program Files (x86)\NVIDIA Corporation\PhysX\Common;C:\Program Files\NVIDIA Corporation\NVIDIA NvDLISR;C:\Program Files\dotnet\;C:\Program Files\Microsoft SQL Server\150\Tools\Binn\;C:\Program Files\Microsoft SQL Server\Client SDK\ODBC\170\Tools\Binn\;C:\Program Files (x86)\Microsoft SQL Server\150\Tools\Binn\;C:\Program Files\Microsoft SQL Server\150\DTS\Binn\;C:\Program Files\Azure Data Studio\bin;C:\Program Files\Microsoft SQL Server\160\DTS\Binn\;C:\Program Files\PuTTY\;C:\ProgramData\chocolatey\bin;C:\Users\adnan\AppData\Roaming\nvm;C:\Program Files\nodejs;C:\Program Files\Git\cmd;C:\Program Files (x86)\Microsoft SQL Server\160\Tools\Binn\;C:\Program Files\Microsoft SQL Server\160\Tools\Binn\;C:\WINDOWS\system32;C:\WINDOWS;C:\WINDOWS\System32\Wbem;C:\WINDOWS\System32\WindowsPowerShell\v1.0\;C:\WINDOWS\System32\OpenSSH\;C:\miniconda;C:\miniconda\Library\mingw-w64\bin;C:\miniconda\Library\usr\bin;C:\miniconda\Library\bin;C:\miniconda\Scripts;C:\machine_learning;C:\machine_learning\Library\mingw-w64\bin;C:\machine_learning\Library\usr\bin;C:\machine_learning\Library\bin;C:\machine_learning\Scripts;C:\Users\adnan\AppData\Local\Microsoft\WindowsApps;C:\Users\adnan\AppData\Local\Programs\Microsoft VS Code\bin;C:\Program Files\Azure Data S
USERNAME=adnan
OS=Windows_NT
PROCESSOR_IDENTIFIER=AMD64 Family 23 Model 96 Stepping 1, AuthenticAMD



---------------  S Y S T E M  ---------------

OS: Windows 11 , 64 bit Build 22621 (10.0.22621.1635)

CPU:total 12 (initial active 12) (12 cores per cpu, 2 threads per core) family 23 model 96 stepping 1 microcode 0x0, cmov, cx8, fxsr, mmx, sse, sse2, sse3, ssse3, sse4.1, sse4.2, popcnt, avx, avx2, aes, clmul, mmxext, 3dnowpref, lzcnt, sse4a, ht, tsc, tscinvbit, tscinv, bmi1, bmi2, adx, 

Memory: 4k page, system-wide physical 23982M (5479M free)
TotalPageFile size 29179M (AvailPageFile size 231M)
current process WorkingSet (physical memory assigned to process): 11M, peak: 11M
current process commit charge ("private bytes"): 65M, peak: 441M

vm_info: Java HotSpot(TM) 64-Bit Server VM (11.0.17+10-LTS-269) for windows-amd64 JRE (11.0.17+10-LTS-269), built on Sep 13 2022 19:26:37 by "mach5one" with MS VC++ 15.9 (VS2017)

END.
